Flow report for accessControl
Tue May 30 09:23:59 2023
Quartus Prime Version 20.1.1 Build 720 11/11/2020 SJ Lite Edition


---------------------
; Table of Contents ;
---------------------
  1. Legal Notice
  2. Flow Summary
  3. Flow Settings
  4. Flow Non-Default Global Settings
  5. Flow Elapsed Time
  6. Flow OS Summary
  7. Flow Log
  8. Flow Messages
  9. Flow Suppressed Messages



----------------
; Legal Notice ;
----------------
Copyright (C) 2020  Intel Corporation. All rights reserved.
Your use of Intel Corporation's design tools, logic functions 
and other software and tools, and any partner logic 
functions, and any output files from any of the foregoing 
(including device programming or simulation files), and any 
associated documentation or information are expressly subject 
to the terms and conditions of the Intel Program License 
Subscription Agreement, the Intel Quartus Prime License Agreement,
the Intel FPGA IP License Agreement, or other applicable license
agreement, including, without limitation, that your use is for
the sole purpose of programming logic devices manufactured by
Intel and sold by Intel or its authorized distributors.  Please
refer to the applicable agreement for further details, at
https://fpgasoftware.intel.com/eula.



+----------------------------------------------------------------------------------+
; Flow Summary                                                                     ;
+------------------------------------+---------------------------------------------+
; Flow Status                        ; Successful - Tue May 30 09:23:59 2023       ;
; Quartus Prime Version              ; 20.1.1 Build 720 11/11/2020 SJ Lite Edition ;
; Revision Name                      ; accessControl                               ;
; Top-level Entity Name              ; accessControlSystem_wrapper                 ;
; Family                             ; MAX 10                                      ;
; Device                             ; 10M50DAF484C6GES                            ;
; Timing Models                      ; Preliminary                                 ;
; Total logic elements               ; 477 / 49,760 ( < 1 % )                      ;
;     Total combinational functions  ; 445 / 49,760 ( < 1 % )                      ;
;     Dedicated logic registers      ; 244 / 49,760 ( < 1 % )                      ;
; Total registers                    ; 244                                         ;
; Total pins                         ; 81 / 360 ( 23 % )                           ;
; Total virtual pins                 ; 0                                           ;
; Total memory bits                  ; 0 / 1,677,312 ( 0 % )                       ;
; Embedded Multiplier 9-bit elements ; 0 / 288 ( 0 % )                             ;
; Total PLLs                         ; 0 / 4 ( 0 % )                               ;
; UFM blocks                         ; 0 / 1 ( 0 % )                               ;
; ADC blocks                         ; 0 / 2 ( 0 % )                               ;
+------------------------------------+---------------------------------------------+


+-----------------------------------------+
; Flow Settings                           ;
+-------------------+---------------------+
; Option            ; Setting             ;
+-------------------+---------------------+
; Start date & time ; 05/30/2023 09:23:27 ;
; Main task         ; Compilation         ;
; Revision Name     ; accessControl       ;
+-------------------+---------------------+


+-----------------------------------------------------------------------------------------------------------------------------------------+
; Flow Non-Default Global Settings                                                                                                        ;
+-------------------------------------+----------------------------------------+---------------+-----------------------------+------------+
; Assignment Name                     ; Value                                  ; Default Value ; Entity Name                 ; Section Id ;
+-------------------------------------+----------------------------------------+---------------+-----------------------------+------------+
; COMPILER_SIGNATURE_ID               ; 141812766777249.168543500706264        ; --            ; --                          ; --         ;
; EDA_SIMULATION_TOOL                 ; ModelSim-Altera (VHDL)                 ; <None>        ; --                          ; --         ;
; MAX_CORE_JUNCTION_TEMP              ; 85                                     ; --            ; --                          ; --         ;
; MIN_CORE_JUNCTION_TEMP              ; 0                                      ; --            ; --                          ; --         ;
; PARTITION_COLOR                     ; -- (Not supported for targeted family) ; --            ; accessControlSystem_wrapper ; Top        ;
; PARTITION_FITTER_PRESERVATION_LEVEL ; -- (Not supported for targeted family) ; --            ; accessControlSystem_wrapper ; Top        ;
; PARTITION_NETLIST_TYPE              ; -- (Not supported for targeted family) ; --            ; accessControlSystem_wrapper ; Top        ;
; POWER_BOARD_THERMAL_MODEL           ; None (CONSERVATIVE)                    ; --            ; --                          ; --         ;
; POWER_PRESET_COOLING_SOLUTION       ; 23 MM HEAT SINK WITH 200 LFPM AIRFLOW  ; --            ; --                          ; --         ;
; PROJECT_OUTPUT_DIRECTORY            ; output_files                           ; --            ; --                          ; --         ;
; SAFE_STATE_MACHINE                  ; On                                     ; Off           ; --                          ; --         ;
; STATE_MACHINE_PROCESSING            ; Gray                                   ; Auto          ; --                          ; --         ;
; TOP_LEVEL_ENTITY                    ; accessControlSystem_wrapper            ; accessControl ; --                          ; --         ;
+-------------------------------------+----------------------------------------+---------------+-----------------------------+------------+


+--------------------------------------------------------------------------------------------------------------------------+
; Flow Elapsed Time                                                                                                        ;
+----------------------+--------------+-------------------------+---------------------+------------------------------------+
; Module Name          ; Elapsed Time ; Average Processors Used ; Peak Virtual Memory ; Total CPU Time (on all processors) ;
+----------------------+--------------+-------------------------+---------------------+------------------------------------+
; Analysis & Synthesis ; 00:00:16     ; 1.0                     ; 4844 MB             ; 00:00:21                           ;
; Fitter               ; 00:00:07     ; 1.1                     ; 5790 MB             ; 00:00:07                           ;
; Assembler            ; 00:00:03     ; 1.0                     ; 4695 MB             ; 00:00:02                           ;
; Timing Analyzer      ; 00:00:02     ; 1.2                     ; 4854 MB             ; 00:00:02                           ;
; EDA Netlist Writer   ; 00:00:01     ; 1.0                     ; 4663 MB             ; 00:00:01                           ;
; Total                ; 00:00:29     ; --                      ; --                  ; 00:00:33                           ;
+----------------------+--------------+-------------------------+---------------------+------------------------------------+


+------------------------------------------------------------------------------------+
; Flow OS Summary                                                                    ;
+----------------------+------------------+------------+------------+----------------+
; Module Name          ; Machine Hostname ; OS Name    ; OS Version ; Processor type ;
+----------------------+------------------+------------+------------+----------------+
; Analysis & Synthesis ; DESKTOP-BRR7L23  ; Windows 10 ; 10.0       ; x86_64         ;
; Fitter               ; DESKTOP-BRR7L23  ; Windows 10 ; 10.0       ; x86_64         ;
; Assembler            ; DESKTOP-BRR7L23  ; Windows 10 ; 10.0       ; x86_64         ;
; Timing Analyzer      ; DESKTOP-BRR7L23  ; Windows 10 ; 10.0       ; x86_64         ;
; EDA Netlist Writer   ; DESKTOP-BRR7L23  ; Windows 10 ; 10.0       ; x86_64         ;
+----------------------+------------------+------------+------------+----------------+


------------
; Flow Log ;
------------
quartus_map --read_settings_files=on --write_settings_files=off accessControl -c accessControl
quartus_fit --read_settings_files=off --write_settings_files=off accessControl -c accessControl
quartus_asm --read_settings_files=off --write_settings_files=off accessControl -c accessControl
quartus_sta accessControl -c accessControl
quartus_eda --read_settings_files=off --write_settings_files=off accessControl -c accessControl



