P16 assembler v1.4.0 (Mar  6 2023)	lab02.lst	Wed Apr 12 11:28:05 2023

Sections
Index   Name            Address   Size
0       .text           0000      000C 12
1       .data           000C      0004 4

Symbols
Name                    Type      Value       Section
loop                    LABEL     0002 2      .text
var1                    LABEL     000C 12     .data
var2                    LABEL     000D 13     .data
var2_addr               LABEL     000A 10     .text
var3                    LABEL     000E 14     .data

Code listing
   1           	
   2           	
   3           	
   4           	
   5           	    .text
   6 0000 40 0C	    ldr r0, var2_addr
   7           	loop:
   8 0002 01 08	    ldrb r1, [ r0, # 0 ]
   9 0004 91 A0	    add r1, r1, # 1
  10 0006 01 28	    strb r1, [ r0, # 0 ]
  11 0008 FC 5B	    b loop
  12           	
  13           	var2_addr:
  14 000A 0D 00	    .word var2
  15           	
  16           	    .data
  17           	var1:
  18 000C AC	    .byte 0xAC
  19           	var2:
  20 000D 7E	    .byte 126
  21           	var3:
  22 000E 22 20	    .word 0x2022
