P16 assembler v1.4.0 (Mar  6 2023)	lab01.lst	Wed Mar 15 11:28:32 2023

Sections
Index   Name            Address   Size
0       .text           0000      0016 22

Symbols
Name                    Type      Value       Section
if_cond                 LABEL     0002 2      .text
if_end                  LABEL     0014 20     .text
line#28                 LABEL     0014 20     .text
while                   LABEL     0008 8      .text
while_end               LABEL     0014 20     .text

Code listing
   1           	; -----------------------------------------------------------------------------
   2           	; Ficheiro:  lab01.S
   3           	; Descricao: Codigo de suporte a realizacao da 1a atividade laboratorial de AC.
   4           	; Autor:     Tiago M Dias (tiago.dias@isel.pt)
   5           	; Data:      11-03-2022
   6           	; -----------------------------------------------------------------------------
   7           	
   8           		; r0 guarda o valor da variavel M
   9           		; r1 guarda o valor da variavel m
  10           		; r2 guarda o valor da variavel p
  11           		; r3 e utilizado para guardar valores temporariamente
  12           	
  13           	
  14 0000 02 60		mov r2, #0         ; p = 0
  15           	if_cond:
  16 0002 03 60		mov	r3, #0         ; guarda-se o zero temporariamente num registo
  17 0004 80 B9		cmp r0, r3         ; M != 0
  18 0006 06 40		beq if_end
  19           	while:
  20 0008 03 60		mov r3, #0		   ; guarda-se o zero temporariamente num registo
  21 000A B0 B8		cmp	r3, r1         ; m > 0
  22 000C 03 4C		bhs	while_end
  23 000E 22 80		add	r2, r2, r0     ; p = p + M
  24 0010 91 A8		sub	r1, r1, #1     ; m--
  25 0012 FA 5B		b	while
  26           	while_end:
  27           	if_end:
  28 0014 FF 5B		b   .
  29           	
  30           	
  31           	
