Analysis & Synthesis report for accessControl
Sun Mar 19 12:42:21 2023
Quartus Prime Version 20.1.1 Build 720 11/11/2020 SJ Lite Edition


---------------------
; Table of Contents ;
---------------------
  1. Legal Notice
  2. Analysis & Synthesis Summary
  3. Analysis & Synthesis Settings
  4. Parallel Compilation
  5. Analysis & Synthesis Source Files Read
  6. Analysis & Synthesis Resource Usage Summary
  7. Analysis & Synthesis Resource Utilization by Entity
  8. State Machine - |key_decode|key_control:u_key_control|currentState
  9. General Register Statistics
 10. Inverted Register Statistics
 11. Parameter Settings for User Entity Instance: clkdiv:u_clk
 12. Port Connectivity Checks: "key_scan:u_key_scan|counter:u_counter|adder:u_adder"
 13. Port Connectivity Checks: "key_scan:u_key_scan|counter:u_counter|reg:u_reg|FFD:u_FFD3"
 14. Port Connectivity Checks: "key_scan:u_key_scan|counter:u_counter|reg:u_reg|FFD:u_FFD2"
 15. Port Connectivity Checks: "key_scan:u_key_scan|counter:u_counter|reg:u_reg|FFD:u_FFD1"
 16. Port Connectivity Checks: "key_scan:u_key_scan|counter:u_counter|reg:u_reg|FFD:u_FFD0"
 17. Post-Synthesis Netlist Statistics for Top Partition
 18. Elapsed Time Per Partition
 19. Analysis & Synthesis Messages



----------------
; Legal Notice ;
----------------
Copyright (C) 2020  Intel Corporation. All rights reserved.
Your use of Intel Corporation's design tools, logic functions 
and other software and tools, and any partner logic 
functions, and any output files from any of the foregoing 
(including device programming or simulation files), and any 
associated documentation or information are expressly subject 
to the terms and conditions of the Intel Program License 
Subscription Agreement, the Intel Quartus Prime License Agreement,
the Intel FPGA IP License Agreement, or other applicable license
agreement, including, without limitation, that your use is for
the sole purpose of programming logic devices manufactured by
Intel and sold by Intel or its authorized distributors.  Please
refer to the applicable agreement for further details, at
https://fpgasoftware.intel.com/eula.



+----------------------------------------------------------------------------------+
; Analysis & Synthesis Summary                                                     ;
+------------------------------------+---------------------------------------------+
; Analysis & Synthesis Status        ; Successful - Sun Mar 19 12:42:21 2023       ;
; Quartus Prime Version              ; 20.1.1 Build 720 11/11/2020 SJ Lite Edition ;
; Revision Name                      ; accessControl                               ;
; Top-level Entity Name              ; key_decode                                  ;
; Family                             ; MAX 10                                      ;
; Total logic elements               ; 63                                          ;
;     Total combinational functions  ; 63                                          ;
;     Dedicated logic registers      ; 40                                          ;
; Total registers                    ; 40                                          ;
; Total pins                         ; 15                                          ;
; Total virtual pins                 ; 0                                           ;
; Total memory bits                  ; 0                                           ;
; Embedded Multiplier 9-bit elements ; 0                                           ;
; Total PLLs                         ; 0                                           ;
; UFM blocks                         ; 0                                           ;
; ADC blocks                         ; 0                                           ;
+------------------------------------+---------------------------------------------+


+------------------------------------------------------------------------------------------------------------+
; Analysis & Synthesis Settings                                                                              ;
+------------------------------------------------------------------+--------------------+--------------------+
; Option                                                           ; Setting            ; Default Value      ;
+------------------------------------------------------------------+--------------------+--------------------+
; Device                                                           ; 10M50DAF484C6GES   ;                    ;
; Top-level entity name                                            ; key_decode         ; accessControl      ;
; Family name                                                      ; MAX 10             ; Cyclone V          ;
; Use smart compilation                                            ; Off                ; Off                ;
; Enable parallel Assembler and Timing Analyzer during compilation ; On                 ; On                 ;
; Enable compact report table                                      ; Off                ; Off                ;
; Restructure Multiplexers                                         ; Auto               ; Auto               ;
; Create Debugging Nodes for IP Cores                              ; Off                ; Off                ;
; Preserve fewer node names                                        ; On                 ; On                 ;
; Intel FPGA IP Evaluation Mode                                    ; Enable             ; Enable             ;
; Verilog Version                                                  ; Verilog_2001       ; Verilog_2001       ;
; VHDL Version                                                     ; VHDL_1993          ; VHDL_1993          ;
; State Machine Processing                                         ; Auto               ; Auto               ;
; Safe State Machine                                               ; Off                ; Off                ;
; Extract Verilog State Machines                                   ; On                 ; On                 ;
; Extract VHDL State Machines                                      ; On                 ; On                 ;
; Ignore Verilog initial constructs                                ; Off                ; Off                ;
; Iteration limit for constant Verilog loops                       ; 5000               ; 5000               ;
; Iteration limit for non-constant Verilog loops                   ; 250                ; 250                ;
; Add Pass-Through Logic to Inferred RAMs                          ; On                 ; On                 ;
; Infer RAMs from Raw Logic                                        ; On                 ; On                 ;
; Parallel Synthesis                                               ; On                 ; On                 ;
; DSP Block Balancing                                              ; Auto               ; Auto               ;
; NOT Gate Push-Back                                               ; On                 ; On                 ;
; Power-Up Don't Care                                              ; On                 ; On                 ;
; Remove Redundant Logic Cells                                     ; Off                ; Off                ;
; Remove Duplicate Registers                                       ; On                 ; On                 ;
; Ignore CARRY Buffers                                             ; Off                ; Off                ;
; Ignore CASCADE Buffers                                           ; Off                ; Off                ;
; Ignore GLOBAL Buffers                                            ; Off                ; Off                ;
; Ignore ROW GLOBAL Buffers                                        ; Off                ; Off                ;
; Ignore LCELL Buffers                                             ; Off                ; Off                ;
; Ignore SOFT Buffers                                              ; On                 ; On                 ;
; Limit AHDL Integers to 32 Bits                                   ; Off                ; Off                ;
; Optimization Technique                                           ; Balanced           ; Balanced           ;
; Carry Chain Length                                               ; 70                 ; 70                 ;
; Auto Carry Chains                                                ; On                 ; On                 ;
; Auto Open-Drain Pins                                             ; On                 ; On                 ;
; Perform WYSIWYG Primitive Resynthesis                            ; Off                ; Off                ;
; Auto ROM Replacement                                             ; On                 ; On                 ;
; Auto RAM Replacement                                             ; On                 ; On                 ;
; Auto DSP Block Replacement                                       ; On                 ; On                 ;
; Auto Shift Register Replacement                                  ; Auto               ; Auto               ;
; Allow Shift Register Merging across Hierarchies                  ; Auto               ; Auto               ;
; Auto Clock Enable Replacement                                    ; On                 ; On                 ;
; Strict RAM Replacement                                           ; Off                ; Off                ;
; Allow Synchronous Control Signals                                ; On                 ; On                 ;
; Force Use of Synchronous Clear Signals                           ; Off                ; Off                ;
; Auto RAM Block Balancing                                         ; On                 ; On                 ;
; Auto RAM to Logic Cell Conversion                                ; Off                ; Off                ;
; Auto Resource Sharing                                            ; Off                ; Off                ;
; Allow Any RAM Size For Recognition                               ; Off                ; Off                ;
; Allow Any ROM Size For Recognition                               ; Off                ; Off                ;
; Allow Any Shift Register Size For Recognition                    ; Off                ; Off                ;
; Use LogicLock Constraints during Resource Balancing              ; On                 ; On                 ;
; Ignore translate_off and synthesis_off directives                ; Off                ; Off                ;
; Timing-Driven Synthesis                                          ; On                 ; On                 ;
; Report Parameter Settings                                        ; On                 ; On                 ;
; Report Source Assignments                                        ; On                 ; On                 ;
; Report Connectivity Checks                                       ; On                 ; On                 ;
; Ignore Maximum Fan-Out Assignments                               ; Off                ; Off                ;
; Synchronization Register Chain Length                            ; 2                  ; 2                  ;
; Power Optimization During Synthesis                              ; Normal compilation ; Normal compilation ;
; HDL message level                                                ; Level2             ; Level2             ;
; Suppress Register Optimization Related Messages                  ; Off                ; Off                ;
; Number of Removed Registers Reported in Synthesis Report         ; 5000               ; 5000               ;
; Number of Swept Nodes Reported in Synthesis Report               ; 5000               ; 5000               ;
; Number of Inverted Registers Reported in Synthesis Report        ; 100                ; 100                ;
; Clock MUX Protection                                             ; On                 ; On                 ;
; Auto Gated Clock Conversion                                      ; Off                ; Off                ;
; Block Design Naming                                              ; Auto               ; Auto               ;
; SDC constraint protection                                        ; Off                ; Off                ;
; Synthesis Effort                                                 ; Auto               ; Auto               ;
; Shift Register Replacement - Allow Asynchronous Clear Signal     ; On                 ; On                 ;
; Pre-Mapping Resynthesis Optimization                             ; Off                ; Off                ;
; Analysis & Synthesis Message Level                               ; Medium             ; Medium             ;
; Disable Register Merging Across Hierarchies                      ; Auto               ; Auto               ;
; Resource Aware Inference For Block RAM                           ; On                 ; On                 ;
+------------------------------------------------------------------+--------------------+--------------------+


+------------------------------------------+
; Parallel Compilation                     ;
+----------------------------+-------------+
; Processors                 ; Number      ;
+----------------------------+-------------+
; Number detected on machine ; 6           ;
; Maximum allowed            ; 6           ;
;                            ;             ;
; Average used               ; 1.00        ;
; Maximum used               ; 6           ;
;                            ;             ;
; Usage by Processor         ; % Time Used ;
;     Processor 1            ; 100.0%      ;
;     Processor 2            ;   0.0%      ;
;     Processors 3-6         ;   0.0%      ;
+----------------------------+-------------+


+-------------------------------------------------------------------------------------------------------------------------------------------------------------------------------------+
; Analysis & Synthesis Source Files Read                                                                                                                                              ;
+----------------------------------+-----------------+-----------------+----------------------------------------------------------------------------------------------------+---------+
; File Name with User-Entered Path ; Used in Netlist ; File Type       ; File Name with Absolute Path                                                                       ; Library ;
+----------------------------------+-----------------+-----------------+----------------------------------------------------------------------------------------------------+---------+
; dec.vhd                          ; yes             ; User VHDL File  ; C:/Users/carol/OneDrive/Ambiente de Trabalho/Faculdade/ano2/semestre2/LIC/hardware/dec.vhd         ;         ;
; reg.vhd                          ; yes             ; User VHDL File  ; C:/Users/carol/OneDrive/Ambiente de Trabalho/Faculdade/ano2/semestre2/LIC/hardware/reg.vhd         ;         ;
; mux.vhd                          ; yes             ; User VHDL File  ; C:/Users/carol/OneDrive/Ambiente de Trabalho/Faculdade/ano2/semestre2/LIC/hardware/mux.vhd         ;         ;
; key_scan.vhd                     ; yes             ; User VHDL File  ; C:/Users/carol/OneDrive/Ambiente de Trabalho/Faculdade/ano2/semestre2/LIC/hardware/key_scan.vhd    ;         ;
; key_decode.vhd                   ; yes             ; User VHDL File  ; C:/Users/carol/OneDrive/Ambiente de Trabalho/Faculdade/ano2/semestre2/LIC/hardware/key_decode.vhd  ;         ;
; counter.vhd                      ; yes             ; User VHDL File  ; C:/Users/carol/OneDrive/Ambiente de Trabalho/Faculdade/ano2/semestre2/LIC/hardware/counter.vhd     ;         ;
; clkdiv.vhd                       ; yes             ; User VHDL File  ; C:/Users/carol/OneDrive/Ambiente de Trabalho/Faculdade/ano2/semestre2/LIC/hardware/clkdiv.vhd      ;         ;
; adder.vhd                        ; yes             ; User VHDL File  ; C:/Users/carol/OneDrive/Ambiente de Trabalho/Faculdade/ano2/semestre2/LIC/hardware/adder.vhd       ;         ;
; key_control.vhd                  ; yes             ; User VHDL File  ; C:/Users/carol/OneDrive/Ambiente de Trabalho/Faculdade/ano2/semestre2/LIC/hardware/key_control.vhd ;         ;
; fulladder.vhd                    ; yes             ; User VHDL File  ; C:/Users/carol/OneDrive/Ambiente de Trabalho/Faculdade/ano2/semestre2/LIC/hardware/fulladder.vhd   ;         ;
; FFD.vhd                          ; yes             ; User VHDL File  ; C:/Users/carol/OneDrive/Ambiente de Trabalho/Faculdade/ano2/semestre2/LIC/hardware/FFD.vhd         ;         ;
+----------------------------------+-----------------+-----------------+----------------------------------------------------------------------------------------------------+---------+


+----------------------------------------------------------+
; Analysis & Synthesis Resource Usage Summary              ;
+---------------------------------------------+------------+
; Resource                                    ; Usage      ;
+---------------------------------------------+------------+
; Estimated Total logic elements              ; 63         ;
;                                             ;            ;
; Total combinational functions               ; 63         ;
; Logic element usage by number of LUT inputs ;            ;
;     -- 4 input functions                    ; 18         ;
;     -- 3 input functions                    ; 7          ;
;     -- <=2 input functions                  ; 38         ;
;                                             ;            ;
; Logic elements by mode                      ;            ;
;     -- normal mode                          ; 32         ;
;     -- arithmetic mode                      ; 31         ;
;                                             ;            ;
; Total registers                             ; 40         ;
;     -- Dedicated logic registers            ; 40         ;
;     -- I/O registers                        ; 0          ;
;                                             ;            ;
; I/O pins                                    ; 15         ;
;                                             ;            ;
; Embedded Multiplier 9-bit elements          ; 0          ;
;                                             ;            ;
; Maximum fan-out node                        ; Mclk~input ;
; Maximum fan-out                             ; 33         ;
; Total fan-out                               ; 277        ;
; Average fan-out                             ; 2.08       ;
+---------------------------------------------+------------+


+-------------------------------------------------------------------------------------------------------------------------------------------------------------------------------------------------------------------------------------------------------------------------------------------+
; Analysis & Synthesis Resource Utilization by Entity                                                                                                                                                                                                                                       ;
+--------------------------------+---------------------+---------------------------+-------------+------------+--------------+---------+-----------+------+--------------+------------+------------------------------------------------------------------------+-------------+--------------+
; Compilation Hierarchy Node     ; Combinational ALUTs ; Dedicated Logic Registers ; Memory Bits ; UFM Blocks ; DSP Elements ; DSP 9x9 ; DSP 18x18 ; Pins ; Virtual Pins ; ADC blocks ; Full Hierarchy Name                                                    ; Entity Name ; Library Name ;
+--------------------------------+---------------------+---------------------------+-------------+------------+--------------+---------+-----------+------+--------------+------------+------------------------------------------------------------------------+-------------+--------------+
; |key_decode                    ; 63 (0)              ; 40 (0)                    ; 0           ; 0          ; 0            ; 0       ; 0         ; 15   ; 0            ; 0          ; |key_decode                                                            ; key_decode  ; work         ;
;    |clkdiv:u_clk|              ; 49 (49)             ; 33 (33)                   ; 0           ; 0          ; 0            ; 0       ; 0         ; 0    ; 0            ; 0          ; |key_decode|clkdiv:u_clk                                               ; clkdiv      ; work         ;
;    |key_control:u_key_control| ; 3 (3)               ; 3 (3)                     ; 0           ; 0          ; 0            ; 0       ; 0         ; 0    ; 0            ; 0          ; |key_decode|key_control:u_key_control                                  ; key_control ; work         ;
;    |key_scan:u_key_scan|       ; 11 (0)              ; 4 (0)                     ; 0           ; 0          ; 0            ; 0       ; 0         ; 0    ; 0            ; 0          ; |key_decode|key_scan:u_key_scan                                        ; key_scan    ; work         ;
;       |counter:u_counter|      ; 5 (0)               ; 4 (0)                     ; 0           ; 0          ; 0            ; 0       ; 0         ; 0    ; 0            ; 0          ; |key_decode|key_scan:u_key_scan|counter:u_counter                      ; counter     ; work         ;
;          |reg:u_reg|           ; 5 (0)               ; 4 (0)                     ; 0           ; 0          ; 0            ; 0       ; 0         ; 0    ; 0            ; 0          ; |key_decode|key_scan:u_key_scan|counter:u_counter|reg:u_reg            ; reg         ; work         ;
;             |FFD:u_FFD0|       ; 1 (1)               ; 1 (1)                     ; 0           ; 0          ; 0            ; 0       ; 0         ; 0    ; 0            ; 0          ; |key_decode|key_scan:u_key_scan|counter:u_counter|reg:u_reg|FFD:u_FFD0 ; FFD         ; work         ;
;             |FFD:u_FFD1|       ; 2 (2)               ; 1 (1)                     ; 0           ; 0          ; 0            ; 0       ; 0         ; 0    ; 0            ; 0          ; |key_decode|key_scan:u_key_scan|counter:u_counter|reg:u_reg|FFD:u_FFD1 ; FFD         ; work         ;
;             |FFD:u_FFD2|       ; 1 (1)               ; 1 (1)                     ; 0           ; 0          ; 0            ; 0       ; 0         ; 0    ; 0            ; 0          ; |key_decode|key_scan:u_key_scan|counter:u_counter|reg:u_reg|FFD:u_FFD2 ; FFD         ; work         ;
;             |FFD:u_FFD3|       ; 1 (1)               ; 1 (1)                     ; 0           ; 0          ; 0            ; 0       ; 0         ; 0    ; 0            ; 0          ; |key_decode|key_scan:u_key_scan|counter:u_counter|reg:u_reg|FFD:u_FFD3 ; FFD         ; work         ;
;       |dec:u_dec|              ; 3 (3)               ; 0 (0)                     ; 0           ; 0          ; 0            ; 0       ; 0         ; 0    ; 0            ; 0          ; |key_decode|key_scan:u_key_scan|dec:u_dec                              ; dec         ; work         ;
;       |mux:u_mux|              ; 3 (3)               ; 0 (0)                     ; 0           ; 0          ; 0            ; 0       ; 0         ; 0    ; 0            ; 0          ; |key_decode|key_scan:u_key_scan|mux:u_mux                              ; mux         ; work         ;
+--------------------------------+---------------------+---------------------------+-------------+------------+--------------+---------+-----------+------+--------------+------------+------------------------------------------------------------------------+-------------+--------------+
Note: For table entries with two numbers listed, the numbers in parentheses indicate the number of resources of the given type used by the specific entity alone. The numbers listed outside of parentheses indicate the total resources of the given type used by the specific entity and all of its sub-entities in the hierarchy.


Encoding Type:  One-Hot
+----------------------------------------------------------------------------------------------------------------------+
; State Machine - |key_decode|key_control:u_key_control|currentState                                                   ;
+-----------------------------+----------------------------+-----------------------------+-----------------------------+
; Name                        ; currentState.STATE_WAITING ; currentState.STATE_PRESSING ; currentState.STATE_SCANNING ;
+-----------------------------+----------------------------+-----------------------------+-----------------------------+
; currentState.STATE_SCANNING ; 0                          ; 0                           ; 0                           ;
; currentState.STATE_PRESSING ; 0                          ; 1                           ; 1                           ;
; currentState.STATE_WAITING  ; 1                          ; 0                           ; 1                           ;
+-----------------------------+----------------------------+-----------------------------+-----------------------------+


+------------------------------------------------------+
; General Register Statistics                          ;
+----------------------------------------------+-------+
; Statistic                                    ; Value ;
+----------------------------------------------+-------+
; Total registers                              ; 40    ;
; Number of registers using Synchronous Clear  ; 0     ;
; Number of registers using Synchronous Load   ; 0     ;
; Number of registers using Asynchronous Clear ; 7     ;
; Number of registers using Asynchronous Load  ; 0     ;
; Number of registers using Clock Enable       ; 0     ;
; Number of registers using Preset             ; 0     ;
+----------------------------------------------+-------+


+--------------------------------------------------+
; Inverted Register Statistics                     ;
+----------------------------------------+---------+
; Inverted Register                      ; Fan out ;
+----------------------------------------+---------+
; clkdiv:u_clk|count[0]                  ; 2       ;
; Total number of inverted registers = 1 ;         ;
+----------------------------------------+---------+


+-----------------------------------------------------------+
; Parameter Settings for User Entity Instance: clkdiv:u_clk ;
+----------------+-------+----------------------------------+
; Parameter Name ; Value ; Type                             ;
+----------------+-------+----------------------------------+
; div            ; 10000 ; Signed Integer                   ;
+----------------+-------+----------------------------------+
Note: In order to hide this table in the UI and the text report file, please set the "Show Parameter Settings in Synthesis Report" option in "Analysis and Synthesis Settings -> More Settings" to "Off".


+----------------------------------------------------------------------------------------------------------------+
; Port Connectivity Checks: "key_scan:u_key_scan|counter:u_counter|adder:u_adder"                                ;
+------+--------+----------+-------------------------------------------------------------------------------------+
; Port ; Type   ; Severity ; Details                                                                             ;
+------+--------+----------+-------------------------------------------------------------------------------------+
; b    ; Input  ; Info     ; Stuck at GND                                                                        ;
; cin  ; Input  ; Info     ; Stuck at VCC                                                                        ;
; cout ; Output ; Info     ; Connected to dangling logic. Logic that only feeds a dangling port will be removed. ;
+------+--------+----------+-------------------------------------------------------------------------------------+


+----------------------------------------------------------------------------------------+
; Port Connectivity Checks: "key_scan:u_key_scan|counter:u_counter|reg:u_reg|FFD:u_FFD3" ;
+------+-------+----------+--------------------------------------------------------------+
; Port ; Type  ; Severity ; Details                                                      ;
+------+-------+----------+--------------------------------------------------------------+
; set  ; Input ; Info     ; Stuck at GND                                                 ;
+------+-------+----------+--------------------------------------------------------------+


+----------------------------------------------------------------------------------------+
; Port Connectivity Checks: "key_scan:u_key_scan|counter:u_counter|reg:u_reg|FFD:u_FFD2" ;
+------+-------+----------+--------------------------------------------------------------+
; Port ; Type  ; Severity ; Details                                                      ;
+------+-------+----------+--------------------------------------------------------------+
; set  ; Input ; Info     ; Stuck at GND                                                 ;
+------+-------+----------+--------------------------------------------------------------+


+----------------------------------------------------------------------------------------+
; Port Connectivity Checks: "key_scan:u_key_scan|counter:u_counter|reg:u_reg|FFD:u_FFD1" ;
+------+-------+----------+--------------------------------------------------------------+
; Port ; Type  ; Severity ; Details                                                      ;
+------+-------+----------+--------------------------------------------------------------+
; set  ; Input ; Info     ; Stuck at GND                                                 ;
+------+-------+----------+--------------------------------------------------------------+


+----------------------------------------------------------------------------------------+
; Port Connectivity Checks: "key_scan:u_key_scan|counter:u_counter|reg:u_reg|FFD:u_FFD0" ;
+------+-------+----------+--------------------------------------------------------------+
; Port ; Type  ; Severity ; Details                                                      ;
+------+-------+----------+--------------------------------------------------------------+
; set  ; Input ; Info     ; Stuck at GND                                                 ;
+------+-------+----------+--------------------------------------------------------------+


+-----------------------------------------------------+
; Post-Synthesis Netlist Statistics for Top Partition ;
+-----------------------+-----------------------------+
; Type                  ; Count                       ;
+-----------------------+-----------------------------+
; boundary_port         ; 15                          ;
; cycloneiii_ff         ; 40                          ;
;     CLR               ; 7                           ;
;     plain             ; 33                          ;
; cycloneiii_lcell_comb ; 65                          ;
;     arith             ; 31                          ;
;         2 data inputs ; 31                          ;
;     normal            ; 34                          ;
;         1 data inputs ; 4                           ;
;         2 data inputs ; 5                           ;
;         3 data inputs ; 7                           ;
;         4 data inputs ; 18                          ;
;                       ;                             ;
; Max LUT depth         ; 4.10                        ;
; Average LUT depth     ; 3.05                        ;
+-----------------------+-----------------------------+


+-------------------------------+
; Elapsed Time Per Partition    ;
+----------------+--------------+
; Partition Name ; Elapsed Time ;
+----------------+--------------+
; Top            ; 00:00:00     ;
+----------------+--------------+


+-------------------------------+
; Analysis & Synthesis Messages ;
+-------------------------------+
Info: *******************************************************************
Info: Running Quartus Prime Analysis & Synthesis
    Info: Version 20.1.1 Build 720 11/11/2020 SJ Lite Edition
    Info: Processing started: Sun Mar 19 12:42:12 2023
Info: Command: quartus_map --read_settings_files=on --write_settings_files=off accessControl -c accessControl
Warning (18236): Number of processors has not been specified which may cause overloading on shared machines.  Set the global assignment NUM_PARALLEL_PROCESSORS in your QSF to an appropriate value for best performance.
Info (20030): Parallel compilation is enabled and will use 6 of the 6 processors detected
Info (12021): Found 2 design units, including 1 entities, in source file dec.vhd
    Info (12022): Found design unit 1: dec-arq File: C:/Users/carol/OneDrive/Ambiente de Trabalho/Faculdade/ano2/semestre2/LIC/hardware/dec.vhd Line: 16
    Info (12023): Found entity 1: dec File: C:/Users/carol/OneDrive/Ambiente de Trabalho/Faculdade/ano2/semestre2/LIC/hardware/dec.vhd Line: 7
Info (12021): Found 2 design units, including 1 entities, in source file reg.vhd
    Info (12022): Found design unit 1: reg-arq File: C:/Users/carol/OneDrive/Ambiente de Trabalho/Faculdade/ano2/semestre2/LIC/hardware/reg.vhd Line: 16
    Info (12023): Found entity 1: reg File: C:/Users/carol/OneDrive/Ambiente de Trabalho/Faculdade/ano2/semestre2/LIC/hardware/reg.vhd Line: 7
Warning (12090): Entity "mux" obtained from "mux.vhd" instead of from Quartus Prime megafunction library File: C:/Users/carol/OneDrive/Ambiente de Trabalho/Faculdade/ano2/semestre2/LIC/hardware/mux.vhd Line: 7
Info (12021): Found 2 design units, including 1 entities, in source file mux.vhd
    Info (12022): Found design unit 1: mux-arq File: C:/Users/carol/OneDrive/Ambiente de Trabalho/Faculdade/ano2/semestre2/LIC/hardware/mux.vhd Line: 17
    Info (12023): Found entity 1: mux File: C:/Users/carol/OneDrive/Ambiente de Trabalho/Faculdade/ano2/semestre2/LIC/hardware/mux.vhd Line: 7
Info (12021): Found 2 design units, including 1 entities, in source file key_scan_tb.vhd
    Info (12022): Found design unit 1: Key_scan_tb-arq File: C:/Users/carol/OneDrive/Ambiente de Trabalho/Faculdade/ano2/semestre2/LIC/hardware/key_scan_tb.vhd Line: 9
    Info (12023): Found entity 1: Key_scan_tb File: C:/Users/carol/OneDrive/Ambiente de Trabalho/Faculdade/ano2/semestre2/LIC/hardware/key_scan_tb.vhd Line: 6
Info (12021): Found 2 design units, including 1 entities, in source file key_scan.vhd
    Info (12022): Found design unit 1: key_scan-arq File: C:/Users/carol/OneDrive/Ambiente de Trabalho/Faculdade/ano2/semestre2/LIC/hardware/key_scan.vhd Line: 22
    Info (12023): Found entity 1: key_scan File: C:/Users/carol/OneDrive/Ambiente de Trabalho/Faculdade/ano2/semestre2/LIC/hardware/key_scan.vhd Line: 8
Info (12021): Found 2 design units, including 1 entities, in source file key_decode_tb.vhd
    Info (12022): Found design unit 1: Key_decode_tb-arq File: C:/Users/carol/OneDrive/Ambiente de Trabalho/Faculdade/ano2/semestre2/LIC/hardware/key_decode_tb.vhd Line: 7
    Info (12023): Found entity 1: Key_decode_tb File: C:/Users/carol/OneDrive/Ambiente de Trabalho/Faculdade/ano2/semestre2/LIC/hardware/key_decode_tb.vhd Line: 4
Info (12021): Found 2 design units, including 1 entities, in source file key_control_tb.vhd
    Info (12022): Found design unit 1: Key_control_tb-arq File: C:/Users/carol/OneDrive/Ambiente de Trabalho/Faculdade/ano2/semestre2/LIC/hardware/key_control_tb.vhd Line: 9
    Info (12023): Found entity 1: Key_control_tb File: C:/Users/carol/OneDrive/Ambiente de Trabalho/Faculdade/ano2/semestre2/LIC/hardware/key_control_tb.vhd Line: 6
Info (12021): Found 2 design units, including 1 entities, in source file key_decode.vhd
    Info (12022): Found design unit 1: key_decode-arq File: C:/Users/carol/OneDrive/Ambiente de Trabalho/Faculdade/ano2/semestre2/LIC/hardware/key_decode.vhd Line: 21
    Info (12023): Found entity 1: key_decode File: C:/Users/carol/OneDrive/Ambiente de Trabalho/Faculdade/ano2/semestre2/LIC/hardware/key_decode.vhd Line: 7
Info (12021): Found 2 design units, including 1 entities, in source file counter.vhd
    Info (12022): Found design unit 1: counter-arq File: C:/Users/carol/OneDrive/Ambiente de Trabalho/Faculdade/ano2/semestre2/LIC/hardware/counter.vhd Line: 17
    Info (12023): Found entity 1: counter File: C:/Users/carol/OneDrive/Ambiente de Trabalho/Faculdade/ano2/semestre2/LIC/hardware/counter.vhd Line: 8
Info (12021): Found 2 design units, including 1 entities, in source file clkdiv.vhd
    Info (12022): Found design unit 1: clkdiv-bhv File: C:/Users/carol/OneDrive/Ambiente de Trabalho/Faculdade/ano2/semestre2/LIC/hardware/clkdiv.vhd Line: 15
    Info (12023): Found entity 1: clkdiv File: C:/Users/carol/OneDrive/Ambiente de Trabalho/Faculdade/ano2/semestre2/LIC/hardware/clkdiv.vhd Line: 8
Info (12021): Found 2 design units, including 1 entities, in source file adder.vhd
    Info (12022): Found design unit 1: adder-arq File: C:/Users/carol/OneDrive/Ambiente de Trabalho/Faculdade/ano2/semestre2/LIC/hardware/adder.vhd Line: 19
    Info (12023): Found entity 1: adder File: C:/Users/carol/OneDrive/Ambiente de Trabalho/Faculdade/ano2/semestre2/LIC/hardware/adder.vhd Line: 8
Info (12021): Found 2 design units, including 1 entities, in source file key_control.vhd
    Info (12022): Found design unit 1: key_control-arq File: C:/Users/carol/OneDrive/Ambiente de Trabalho/Faculdade/ano2/semestre2/LIC/hardware/key_control.vhd Line: 19
    Info (12023): Found entity 1: key_control File: C:/Users/carol/OneDrive/Ambiente de Trabalho/Faculdade/ano2/semestre2/LIC/hardware/key_control.vhd Line: 7
Info (12021): Found 2 design units, including 1 entities, in source file fulladder.vhd
    Info (12022): Found design unit 1: fulladder-arq File: C:/Users/carol/OneDrive/Ambiente de Trabalho/Faculdade/ano2/semestre2/LIC/hardware/fulladder.vhd Line: 17
    Info (12023): Found entity 1: fulladder File: C:/Users/carol/OneDrive/Ambiente de Trabalho/Faculdade/ano2/semestre2/LIC/hardware/fulladder.vhd Line: 7
Info (12021): Found 2 design units, including 1 entities, in source file ffd.vhd
    Info (12022): Found design unit 1: FFD-arq File: C:/Users/carol/OneDrive/Ambiente de Trabalho/Faculdade/ano2/semestre2/LIC/hardware/FFD.vhd Line: 20
    Info (12023): Found entity 1: FFD File: C:/Users/carol/OneDrive/Ambiente de Trabalho/Faculdade/ano2/semestre2/LIC/hardware/FFD.vhd Line: 10
Info (12021): Found 2 design units, including 1 entities, in source file mux_tb.vhd
    Info (12022): Found design unit 1: mux_tb-arq File: C:/Users/carol/OneDrive/Ambiente de Trabalho/Faculdade/ano2/semestre2/LIC/hardware/mux_tb.vhd Line: 9
    Info (12023): Found entity 1: mux_tb File: C:/Users/carol/OneDrive/Ambiente de Trabalho/Faculdade/ano2/semestre2/LIC/hardware/mux_tb.vhd Line: 6
Info (12021): Found 2 design units, including 1 entities, in source file dec_tb.vhd
    Info (12022): Found design unit 1: decoder_tb-arq File: C:/Users/carol/OneDrive/Ambiente de Trabalho/Faculdade/ano2/semestre2/LIC/hardware/dec_tb.vhd Line: 9
    Info (12023): Found entity 1: decoder_tb File: C:/Users/carol/OneDrive/Ambiente de Trabalho/Faculdade/ano2/semestre2/LIC/hardware/dec_tb.vhd Line: 6
Info (12021): Found 2 design units, including 1 entities, in source file adder_tb.vhd
    Info (12022): Found design unit 1: adder_tb-arq File: C:/Users/carol/OneDrive/Ambiente de Trabalho/Faculdade/ano2/semestre2/LIC/hardware/adder_tb.vhd Line: 9
    Info (12023): Found entity 1: adder_tb File: C:/Users/carol/OneDrive/Ambiente de Trabalho/Faculdade/ano2/semestre2/LIC/hardware/adder_tb.vhd Line: 6
Info (12127): Elaborating entity "key_decode" for the top level hierarchy
Info (12128): Elaborating entity "key_scan" for hierarchy "key_scan:u_key_scan" File: C:/Users/carol/OneDrive/Ambiente de Trabalho/Faculdade/ano2/semestre2/LIC/hardware/key_decode.vhd Line: 57
Info (12128): Elaborating entity "counter" for hierarchy "key_scan:u_key_scan|counter:u_counter" File: C:/Users/carol/OneDrive/Ambiente de Trabalho/Faculdade/ano2/semestre2/LIC/hardware/key_scan.vhd Line: 73
Info (12128): Elaborating entity "reg" for hierarchy "key_scan:u_key_scan|counter:u_counter|reg:u_reg" File: C:/Users/carol/OneDrive/Ambiente de Trabalho/Faculdade/ano2/semestre2/LIC/hardware/counter.vhd Line: 49
Info (12128): Elaborating entity "FFD" for hierarchy "key_scan:u_key_scan|counter:u_counter|reg:u_reg|FFD:u_FFD0" File: C:/Users/carol/OneDrive/Ambiente de Trabalho/Faculdade/ano2/semestre2/LIC/hardware/reg.vhd Line: 29
Info (12128): Elaborating entity "adder" for hierarchy "key_scan:u_key_scan|counter:u_counter|adder:u_adder" File: C:/Users/carol/OneDrive/Ambiente de Trabalho/Faculdade/ano2/semestre2/LIC/hardware/counter.vhd Line: 58
Info (12128): Elaborating entity "fulladder" for hierarchy "key_scan:u_key_scan|counter:u_counter|adder:u_adder|fulladder:u_fulladder0" File: C:/Users/carol/OneDrive/Ambiente de Trabalho/Faculdade/ano2/semestre2/LIC/hardware/adder.vhd Line: 34
Info (12128): Elaborating entity "dec" for hierarchy "key_scan:u_key_scan|dec:u_dec" File: C:/Users/carol/OneDrive/Ambiente de Trabalho/Faculdade/ano2/semestre2/LIC/hardware/key_scan.vhd Line: 84
Info (12128): Elaborating entity "mux" for hierarchy "key_scan:u_key_scan|mux:u_mux" File: C:/Users/carol/OneDrive/Ambiente de Trabalho/Faculdade/ano2/semestre2/LIC/hardware/key_scan.vhd Line: 91
Info (12128): Elaborating entity "key_control" for hierarchy "key_control:u_key_control" File: C:/Users/carol/OneDrive/Ambiente de Trabalho/Faculdade/ano2/semestre2/LIC/hardware/key_decode.vhd Line: 69
Info (12128): Elaborating entity "clkdiv" for hierarchy "clkdiv:u_clk" File: C:/Users/carol/OneDrive/Ambiente de Trabalho/Faculdade/ano2/semestre2/LIC/hardware/key_decode.vhd Line: 77
Info (286030): Timing-Driven Synthesis is running
Info (16010): Generating hard_block partition "hard_block:auto_generated_inst"
    Info (16011): Adding 0 node(s), including 0 DDIO, 0 PLL, 0 transceiver and 0 LCELL
Info (21057): Implemented 78 device resources after synthesis - the final resource count might be different
    Info (21058): Implemented 7 input pins
    Info (21059): Implemented 8 output pins
    Info (21061): Implemented 63 logic cells
Info: Quartus Prime Analysis & Synthesis was successful. 0 errors, 2 warnings
    Info: Peak virtual memory: 4799 megabytes
    Info: Processing ended: Sun Mar 19 12:42:21 2023
    Info: Elapsed time: 00:00:09
    Info: Total CPU time (on all processors): 00:00:06


