Flow report for accessControl
Tue Apr 18 12:20:57 2023
Quartus Prime Version 20.1.1 Build 720 11/11/2020 SJ Lite Edition


---------------------
; Table of Contents ;
---------------------
  1. Legal Notice
  2. Flow Summary
  3. Flow Settings
  4. Flow Non-Default Global Settings
  5. Flow Elapsed Time
  6. Flow OS Summary
  7. Flow Log
  8. Flow Messages
  9. Flow Suppressed Messages



----------------
; Legal Notice ;
----------------
Copyright (C) 2020  Intel Corporation. All rights reserved.
Your use of Intel Corporation's design tools, logic functions 
and other software and tools, and any partner logic 
functions, and any output files from any of the foregoing 
(including device programming or simulation files), and any 
associated documentation or information are expressly subject 
to the terms and conditions of the Intel Program License 
Subscription Agreement, the Intel Quartus Prime License Agreement,
the Intel FPGA IP License Agreement, or other applicable license
agreement, including, without limitation, that your use is for
the sole purpose of programming logic devices manufactured by
Intel and sold by Intel or its authorized distributors.  Please
refer to the applicable agreement for further details, at
https://fpgasoftware.intel.com/eula.



+----------------------------------------------------------------------------------+
; Flow Summary                                                                     ;
+------------------------------------+---------------------------------------------+
; Flow Status                        ; Successful - Tue Apr 18 12:20:57 2023       ;
; Quartus Prime Version              ; 20.1.1 Build 720 11/11/2020 SJ Lite Edition ;
; Revision Name                      ; accessControl                               ;
; Top-level Entity Name              ; accessControlSystem                         ;
; Family                             ; MAX 10                                      ;
; Device                             ; 10M50DAF484C6GES                            ;
; Timing Models                      ; Preliminary                                 ;
; Total logic elements               ; 305 / 49,760 ( < 1 % )                      ;
;     Total combinational functions  ; 273 / 49,760 ( < 1 % )                      ;
;     Dedicated logic registers      ; 188 / 49,760 ( < 1 % )                      ;
; Total registers                    ; 188                                         ;
; Total pins                         ; 34 / 360 ( 9 % )                            ;
; Total virtual pins                 ; 0                                           ;
; Total memory bits                  ; 0 / 1,677,312 ( 0 % )                       ;
; Embedded Multiplier 9-bit elements ; 0 / 288 ( 0 % )                             ;
; Total PLLs                         ; 0 / 4 ( 0 % )                               ;
; UFM blocks                         ; 0 / 1 ( 0 % )                               ;
; ADC blocks                         ; 0 / 2 ( 0 % )                               ;
+------------------------------------+---------------------------------------------+


+-----------------------------------------+
; Flow Settings                           ;
+-------------------+---------------------+
; Option            ; Setting             ;
+-------------------+---------------------+
; Start date & time ; 04/18/2023 12:20:09 ;
; Main task         ; Compilation         ;
; Revision Name     ; accessControl       ;
+-------------------+---------------------+


+---------------------------------------------------------------------------------------------------------------------------------+
; Flow Non-Default Global Settings                                                                                                ;
+-------------------------------------+----------------------------------------+---------------+---------------------+------------+
; Assignment Name                     ; Value                                  ; Default Value ; Entity Name         ; Section Id ;
+-------------------------------------+----------------------------------------+---------------+---------------------+------------+
; COMPILER_SIGNATURE_ID               ; 1096870336673.168181680911744          ; --            ; --                  ; --         ;
; EDA_SIMULATION_TOOL                 ; ModelSim-Altera (VHDL)                 ; <None>        ; --                  ; --         ;
; PARTITION_COLOR                     ; -- (Not supported for targeted family) ; --            ; accessControlSystem ; Top        ;
; PARTITION_FITTER_PRESERVATION_LEVEL ; -- (Not supported for targeted family) ; --            ; accessControlSystem ; Top        ;
; PARTITION_NETLIST_TYPE              ; -- (Not supported for targeted family) ; --            ; accessControlSystem ; Top        ;
; PROJECT_OUTPUT_DIRECTORY            ; output_files                           ; --            ; --                  ; --         ;
; TOP_LEVEL_ENTITY                    ; accessControlSystem                    ; accessControl ; --                  ; --         ;
+-------------------------------------+----------------------------------------+---------------+---------------------+------------+


+--------------------------------------------------------------------------------------------------------------------------+
; Flow Elapsed Time                                                                                                        ;
+----------------------+--------------+-------------------------+---------------------+------------------------------------+
; Module Name          ; Elapsed Time ; Average Processors Used ; Peak Virtual Memory ; Total CPU Time (on all processors) ;
+----------------------+--------------+-------------------------+---------------------+------------------------------------+
; Analysis & Synthesis ; 00:00:25     ; 1.0                     ; 4817 MB             ; 00:00:20                           ;
; Fitter               ; 00:00:10     ; 1.1                     ; 5785 MB             ; 00:00:07                           ;
; Assembler            ; 00:00:04     ; 1.0                     ; 4693 MB             ; 00:00:03                           ;
; Timing Analyzer      ; 00:00:02     ; 1.2                     ; 4848 MB             ; 00:00:01                           ;
; EDA Netlist Writer   ; 00:00:03     ; 1.0                     ; 4657 MB             ; 00:00:01                           ;
; Total                ; 00:00:44     ; --                      ; --                  ; 00:00:32                           ;
+----------------------+--------------+-------------------------+---------------------+------------------------------------+


+------------------------------------------------------------------------------------+
; Flow OS Summary                                                                    ;
+----------------------+------------------+------------+------------+----------------+
; Module Name          ; Machine Hostname ; OS Name    ; OS Version ; Processor type ;
+----------------------+------------------+------------+------------+----------------+
; Analysis & Synthesis ; LAPTOP-HEGA58O2  ; Windows 10 ; 10.0       ; x86_64         ;
; Fitter               ; LAPTOP-HEGA58O2  ; Windows 10 ; 10.0       ; x86_64         ;
; Assembler            ; LAPTOP-HEGA58O2  ; Windows 10 ; 10.0       ; x86_64         ;
; Timing Analyzer      ; LAPTOP-HEGA58O2  ; Windows 10 ; 10.0       ; x86_64         ;
; EDA Netlist Writer   ; LAPTOP-HEGA58O2  ; Windows 10 ; 10.0       ; x86_64         ;
+----------------------+------------------+------------+------------+----------------+


------------
; Flow Log ;
------------
quartus_map --read_settings_files=on --write_settings_files=off accessControl -c accessControl
quartus_fit --read_settings_files=off --write_settings_files=off accessControl -c accessControl
quartus_asm --read_settings_files=off --write_settings_files=off accessControl -c accessControl
quartus_sta accessControl -c accessControl
quartus_eda --read_settings_files=off --write_settings_files=off accessControl -c accessControl



